<?xml version="1.0" encoding="UTF-8"?>
<coverage generated="1564685546949" clover="3.2.0">
  <project timestamp="1564685546950" name="All files">
    <metrics statements="5" coveredstatements="5" conditionals="2" coveredconditionals="2" methods="2" coveredmethods="2" elements="9" coveredelements="9" complexity="0" loc="5" ncloc="5" packages="1" files="2" classes="2"/>
    <file name="is-object.ts" path="/home/trevor/dev/projects/javascript/merj/ts/is-object.ts">
      <metrics statements="1" coveredstatements="1" conditionals="2" coveredconditionals="2" methods="1" coveredmethods="1"/>
      <line num="14" count="144" type="cond" truecount="2" falsecount="0"/>
    </file>
    <file name="pick.ts" path="/home/trevor/dev/projects/javascript/merj/ts/pick.ts">
      <metrics statements="4" coveredstatements="4" conditionals="0" coveredconditionals="0" methods="1" coveredmethods="1"/>
      <line num="27" count="1" type="stmt"/>
      <line num="30" count="1" type="stmt"/>
      <line num="32" count="2" type="stmt"/>
      <line num="34" count="1" type="stmt"/>
    </file>
  </project>
</coverage>
