<?xml version="1.0" encoding="UTF-8"?>
<coverage generated="1564686696465" clover="3.2.0">
  <project timestamp="1564686696465" name="All files">
    <metrics statements="40" coveredstatements="30" conditionals="22" coveredconditionals="15" methods="6" coveredmethods="5" elements="68" coveredelements="50" complexity="0" loc="40" ncloc="40" packages="1" files="3" classes="3"/>
    <file name="is-object.ts" path="/home/trevor/dev/projects/javascript/merj/ts/is-object.ts">
      <metrics statements="1" coveredstatements="1" conditionals="2" coveredconditionals="2" methods="1" coveredmethods="1"/>
      <line num="14" count="162" type="cond" truecount="2" falsecount="0"/>
    </file>
    <file name="merge.ts" path="/home/trevor/dev/projects/javascript/merj/ts/merge.ts">
      <metrics statements="35" coveredstatements="25" conditionals="20" coveredconditionals="13" methods="4" coveredmethods="3"/>
      <line num="7" count="1" type="stmt"/>
      <line num="8" count="1" type="stmt"/>
      <line num="17" count="1" type="cond" truecount="0" falsecount="1"/>
      <line num="19" count="15" type="stmt"/>
      <line num="21" count="15" type="stmt"/>
      <line num="23" count="0" type="stmt"/>
      <line num="25" count="0" type="stmt"/>
      <line num="27" count="0" type="stmt"/>
      <line num="29" count="0" type="stmt"/>
      <line num="33" count="15" type="stmt"/>
      <line num="35" count="66" type="cond" truecount="1" falsecount="1"/>
      <line num="37" count="0" type="stmt"/>
      <line num="41" count="33" type="stmt"/>
      <line num="43" count="33" type="stmt"/>
      <line num="44" count="33" type="stmt"/>
      <line num="46" count="66" type="stmt"/>
      <line num="48" count="66" type="stmt"/>
      <line num="49" count="66" type="stmt"/>
      <line num="51" count="84" type="stmt"/>
      <line num="53" count="84" type="cond" truecount="2" falsecount="0"/>
      <line num="54" count="32" type="cond" truecount="1" falsecount="1"/>
      <line num="55" count="32" type="cond" truecount="4" falsecount="0"/>
      <line num="56" count="14" type="cond" truecount="3" falsecount="1"/>
      <line num="59" count="0" type="stmt"/>
      <line num="63" count="0" type="stmt"/>
      <line num="69" count="0" type="stmt"/>
      <line num="70" count="0" type="stmt"/>
      <line num="76" count="0" type="stmt"/>
      <line num="85" count="14" type="stmt"/>
      <line num="89" count="7" type="stmt"/>
      <line num="90" count="7" type="stmt"/>
      <line num="96" count="7" type="stmt"/>
      <line num="108" count="33" type="stmt"/>
      <line num="112" count="15" type="stmt"/>
      <line num="167" count="1" type="stmt"/>
    </file>
    <file name="pick.ts" path="/home/trevor/dev/projects/javascript/merj/ts/pick.ts">
      <metrics statements="4" coveredstatements="4" conditionals="0" coveredconditionals="0" methods="1" coveredmethods="1"/>
      <line num="27" count="1" type="stmt"/>
      <line num="30" count="1" type="stmt"/>
      <line num="32" count="2" type="stmt"/>
      <line num="34" count="1" type="stmt"/>
    </file>
  </project>
</coverage>
