{"/home/trevor/dev/projects/javascript/merj/ts/is-object.ts": {"path":"/home/trevor/dev/projects/javascript/merj/ts/is-object.ts","statementMap":{"0":{"start":{"line":14,"column":13},"end":{"line":14,"column":122}},"1":{"start":{"line":14,"column":74},"end":{"line":14,"column":121}}},"fnMap":{"0":{"name":"(anonymous_0)","decl":{"start":{"line":14,"column":49},"end":{"line":14,"column":50}},"loc":{"start":{"line":14,"column":74},"end":{"line":14,"column":121}}}},"branchMap":{"0":{"loc":{"start":{"line":14,"column":75},"end":{"line":14,"column":100}},"type":"binary-expr","locations":[{"start":{"line":14,"column":75},"end":{"line":14,"column":100}},{"start":{"line":14,"column":106},"end":{"line":14,"column":120}}]}},"s":{"0":2,"1":162},"f":{"0":162},"b":{"0":[162,107]}}
,"/home/trevor/dev/projects/javascript/merj/ts/merge.ts": {"path":"/home/trevor/dev/projects/javascript/merj/ts/merge.ts","statementMap":{"0":{"start":{"line":7,"column":0},"end":{"line":7,"column":57}},"1":{"start":{"line":8,"column":0},"end":{"line":8,"column":39}},"2":{"start":{"line":17,"column":13},"end":{"line":114,"column":2}},"3":{"start":{"line":19,"column":29},"end":{"line":19,"column":31}},"4":{"start":{"line":21,"column":56},"end":{"line":31,"column":2}},"5":{"start":{"line":23,"column":23},"end":{"line":23,"column":36}},"6":{"start":{"line":25,"column":2},"end":{"line":25,"column":63}},"7":{"start":{"line":25,"column":36},"end":{"line":25,"column":63}},"8":{"start":{"line":27,"column":2},"end":{"line":27,"column":31}},"9":{"start":{"line":29,"column":2},"end":{"line":29,"column":16}},"10":{"start":{"line":33,"column":49},"end":{"line":110,"column":2}},"11":{"start":{"line":35,"column":2},"end":{"line":39,"column":null}},"12":{"start":{"line":35,"column":47},"end":{"line":35,"column":63}},"13":{"start":{"line":37,"column":3},"end":{"line":37,"column":66}},"14":{"start":{"line":41,"column":25},"end":{"line":41,"column":27}},"15":{"start":{"line":43,"column":2},"end":{"line":106,"column":null}},"16":{"start":{"line":44,"column":3},"end":{"line":106,"column":null}},"17":{"start":{"line":46,"column":31},"end":{"line":46,"column":57}},"18":{"start":{"line":48,"column":4},"end":{"line":104,"column":null}},"19":{"start":{"line":49,"column":5},"end":{"line":104,"column":null}},"20":{"start":{"line":51,"column":53},"end":{"line":51,"column":86}},"21":{"start":{"line":53,"column":6},"end":{"line":102,"column":null}},"22":{"start":{"line":53,"column":42},"end":{"line":53,"column":67}},"23":{"start":{"line":54,"column":11},"end":{"line":102,"column":null}},"24":{"start":{"line":54,"column":43},"end":{"line":54,"column":69}},"25":{"start":{"line":55,"column":11},"end":{"line":102,"column":null}},"26":{"start":{"line":55,"column":62},"end":{"line":55,"column":125}},"27":{"start":{"line":56,"column":11},"end":{"line":102,"column":null}},"28":{"start":{"line":59,"column":7},"end":{"line":80,"column":null}},"29":{"start":{"line":63,"column":9},"end":{"line":63,"column":96}},"30":{"start":{"line":69,"column":9},"end":{"line":69,"column":34}},"31":{"start":{"line":70,"column":9},"end":{"line":70,"column":15}},"32":{"start":{"line":76,"column":9},"end":{"line":76,"column":15}},"33":{"start":{"line":85,"column":7},"end":{"line":100,"column":null}},"34":{"start":{"line":89,"column":9},"end":{"line":89,"column":34}},"35":{"start":{"line":90,"column":9},"end":{"line":90,"column":15}},"36":{"start":{"line":96,"column":9},"end":{"line":96,"column":15}},"37":{"start":{"line":108,"column":2},"end":{"line":108,"column":21}},"38":{"start":{"line":112,"column":1},"end":{"line":112,"column":29}},"39":{"start":{"line":167,"column":13},"end":{"line":172,"column":2}}},"fnMap":{"0":{"name":"(anonymous_0)","decl":{"start":{"line":17,"column":65},"end":{"line":17,"column":66}},"loc":{"start":{"line":17,"column":130},"end":{"line":114,"column":1}}},"1":{"name":"(anonymous_1)","decl":{"start":{"line":21,"column":56},"end":{"line":21,"column":57}},"loc":{"start":{"line":21,"column":87},"end":{"line":31,"column":2}}},"2":{"name":"(anonymous_2)","decl":{"start":{"line":33,"column":49},"end":{"line":33,"column":50}},"loc":{"start":{"line":33,"column":73},"end":{"line":110,"column":2}}},"3":{"name":"(anonymous_3)","decl":{"start":{"line":35,"column":21},"end":{"line":35,"column":22}},"loc":{"start":{"line":35,"column":47},"end":{"line":35,"column":63}}}},"branchMap":{"0":{"loc":{"start":{"line":17,"column":101},"end":{"line":17,"column":121}},"type":"default-arg","locations":[{"start":{"line":17,"column":101},"end":{"line":17,"column":121}}]},"1":{"loc":{"start":{"line":35,"column":2},"end":{"line":39,"column":null}},"type":"if","locations":[{"start":{"line":35,"column":2},"end":{"line":39,"column":null}},{"start":{"line":35,"column":2},"end":{"line":39,"column":null}}]},"2":{"loc":{"start":{"line":53,"column":6},"end":{"line":102,"column":null}},"type":"if","locations":[{"start":{"line":53,"column":6},"end":{"line":102,"column":null}},{"start":{"line":53,"column":6},"end":{"line":102,"column":null}}]},"3":{"loc":{"start":{"line":54,"column":11},"end":{"line":102,"column":null}},"type":"if","locations":[{"start":{"line":54,"column":11},"end":{"line":102,"column":null}},{"start":{"line":54,"column":11},"end":{"line":102,"column":null}}]},"4":{"loc":{"start":{"line":55,"column":11},"end":{"line":102,"column":null}},"type":"if","locations":[{"start":{"line":55,"column":11},"end":{"line":102,"column":null}},{"start":{"line":55,"column":11},"end":{"line":102,"column":null}}]},"5":{"loc":{"start":{"line":55,"column":15},"end":{"line":55,"column":41}},"type":"binary-expr","locations":[{"start":{"line":55,"column":15},"end":{"line":55,"column":41}},{"start":{"line":55,"column":45},"end":{"line":55,"column":60}}]},"6":{"loc":{"start":{"line":56,"column":11},"end":{"line":102,"column":null}},"type":"if","locations":[{"start":{"line":56,"column":11},"end":{"line":102,"column":null}},{"start":{"line":56,"column":11},"end":{"line":102,"column":null}}]},"7":{"loc":{"start":{"line":56,"column":15},"end":{"line":56,"column":41}},"type":"binary-expr","locations":[{"start":{"line":56,"column":15},"end":{"line":56,"column":41}},{"start":{"line":56,"column":45},"end":{"line":56,"column":60}}]},"8":{"loc":{"start":{"line":61,"column":8},"end":{"line":65,"column":null}},"type":"switch","locations":[{"start":{"line":61,"column":8},"end":{"line":65,"column":null}},{"start":{"line":67,"column":8},"end":{"line":72,"column":null}},{"start":{"line":74,"column":8},"end":{"line":78,"column":null}}]},"9":{"loc":{"start":{"line":87,"column":8},"end":{"line":92,"column":null}},"type":"switch","locations":[{"start":{"line":87,"column":8},"end":{"line":92,"column":null}},{"start":{"line":94,"column":8},"end":{"line":98,"column":null}}]}},"s":{"0":1,"1":1,"2":1,"3":15,"4":15,"5":0,"6":0,"7":0,"8":0,"9":0,"10":15,"11":33,"12":66,"13":0,"14":33,"15":33,"16":33,"17":66,"18":66,"19":66,"20":84,"21":84,"22":52,"23":32,"24":0,"25":32,"26":18,"27":14,"28":0,"29":0,"30":0,"31":0,"32":0,"33":14,"34":7,"35":7,"36":7,"37":33,"38":15,"39":1},"f":{"0":15,"1":0,"2":33,"3":66},"b":{"0":[0],"1":[0,33],"2":[52,32],"3":[0,32],"4":[18,14],"5":[32,18],"6":[0,14],"7":[14,14],"8":[0,0,0],"9":[7,7]}}
,"/home/trevor/dev/projects/javascript/merj/ts/pick.ts": {"path":"/home/trevor/dev/projects/javascript/merj/ts/pick.ts","statementMap":{"0":{"start":{"line":27,"column":13},"end":{"line":36,"column":3}},"1":{"start":{"line":30,"column":20},"end":{"line":30,"column":22}},"2":{"start":{"line":32,"column":2},"end":{"line":32,"column":82}},"3":{"start":{"line":32,"column":40},"end":{"line":32,"column":82}},"4":{"start":{"line":34,"column":2},"end":{"line":34,"column":36}}},"fnMap":{"0":{"name":"(anonymous_0)","decl":{"start":{"line":28,"column":1},"end":{"line":28,"column":18}},"loc":{"start":{"line":28,"column":82},"end":{"line":36,"column":2}}}},"branchMap":{},"s":{"0":1,"1":1,"2":1,"3":2,"4":1},"f":{"0":1},"b":{}}
}
