{"/home/trevor/dev/projects/javascript/merj/ts/is-object.ts": {"path":"/home/trevor/dev/projects/javascript/merj/ts/is-object.ts","statementMap":{"0":{"start":{"line":14,"column":13},"end":{"line":14,"column":116}},"1":{"start":{"line":14,"column":92},"end":{"line":14,"column":116}}},"fnMap":{"0":{"name":"(anonymous_0)","decl":{"start":{"line":14,"column":50},"end":{"line":14,"column":82}},"loc":{"start":{"line":14,"column":92},"end":{"line":14,"column":116}}}},"branchMap":{"0":{"loc":{"start":{"line":14,"column":92},"end":{"line":14,"column":115}},"type":"binary-expr","locations":[{"start":{"line":14,"column":92},"end":{"line":14,"column":115}},{"start":{"line":14,"column":116},"end":{"line":null,"column":-1}}]}},"s":{"0":1,"1":144},"f":{"0":144},"b":{"0":[144,102]}}
,"/home/trevor/dev/projects/javascript/merj/ts/pick.ts": {"path":"/home/trevor/dev/projects/javascript/merj/ts/pick.ts","statementMap":{"0":{"start":{"line":27,"column":13},"end":{"line":34,"column":null}},"1":{"start":{"line":30,"column":20},"end":{"line":30,"column":null}},"2":{"start":{"line":32,"column":2},"end":{"line":32,"column":null}},"3":{"start":{"line":32,"column":40},"end":{"line":32,"column":null}},"4":{"start":{"line":34,"column":2},"end":{"line":34,"column":null}}},"fnMap":{"0":{"name":"(anonymous_0)","decl":{"start":{"line":28,"column":1},"end":{"line":28,"column":18}},"loc":{"start":{"line":28,"column":32},"end":{"line":34,"column":null}}}},"branchMap":{},"s":{"0":1,"1":1,"2":1,"3":2,"4":1},"f":{"0":1},"b":{}}
}
