TN:
SF:/home/trevor/dev/projects/javascript/merj/ts/is-object.ts
FN:14,(anonymous_0)
FNF:1
FNH:1
FNDA:162,(anonymous_0)
DA:14,162
LF:1
LH:1
BRDA:14,0,0,162
BRDA:14,0,1,107
BRF:2
BRH:2
end_of_record
TN:
SF:/home/trevor/dev/projects/javascript/merj/ts/merge.ts
FN:17,(anonymous_0)
FN:21,(anonymous_1)
FN:33,(anonymous_2)
FN:35,(anonymous_3)
FNF:4
FNH:3
FNDA:15,(anonymous_0)
FNDA:0,(anonymous_1)
FNDA:33,(anonymous_2)
FNDA:66,(anonymous_3)
DA:7,1
DA:8,1
DA:17,1
DA:19,15
DA:21,15
DA:23,0
DA:25,0
DA:27,0
DA:29,0
DA:33,15
DA:35,66
DA:37,0
DA:41,33
DA:43,33
DA:44,33
DA:46,66
DA:48,66
DA:49,66
DA:51,84
DA:53,84
DA:54,32
DA:55,32
DA:56,14
DA:59,0
DA:63,0
DA:69,0
DA:70,0
DA:76,0
DA:85,14
DA:89,7
DA:90,7
DA:96,7
DA:108,33
DA:112,15
DA:167,1
LF:35
LH:25
BRDA:17,0,0,0
BRDA:35,1,0,0
BRDA:35,1,1,33
BRDA:53,2,0,52
BRDA:53,2,1,32
BRDA:54,3,0,0
BRDA:54,3,1,32
BRDA:55,4,0,18
BRDA:55,4,1,14
BRDA:55,5,0,32
BRDA:55,5,1,18
BRDA:56,6,0,0
BRDA:56,6,1,14
BRDA:56,7,0,14
BRDA:56,7,1,14
BRDA:61,8,0,0
BRDA:61,8,1,0
BRDA:61,8,2,0
BRDA:87,9,0,7
BRDA:87,9,1,7
BRF:20
BRH:13
end_of_record
TN:
SF:/home/trevor/dev/projects/javascript/merj/ts/pick.ts
FN:28,(anonymous_0)
FNF:1
FNH:1
FNDA:1,(anonymous_0)
DA:27,1
DA:30,1
DA:32,2
DA:34,1
LF:4
LH:4
BRF:0
BRH:0
end_of_record
